------------------------------------------------------------------------------------------------------------------------

[2022-10-14 01:21:21 #1 store] 
Database 'C:\Users\porta\eclipse-workspace\Bets21\src\main\resources\bets.temp' is opened by 11244@porta-PC

[2022-10-14 01:21:21 #2 store] 
Configuration path: ?

[2022-10-14 01:21:21 #3 type] 
Type domain.Subdito is not enhanced.

[2022-10-14 01:21:21 #4 type] 
Type domain.Admin is not enhanced.

[2022-10-14 01:21:21 #5 type] 
Type domain.Usuario is not enhanced.

[2022-10-14 01:21:21 #6 type] 
Type domain.Cupon is not enhanced.

[2022-10-14 01:21:21 #7 type] 
Type domain.Apuesta is not enhanced.

[2022-10-14 01:21:21 #8 type] 
Type domain.Event is not enhanced.

[2022-10-14 01:21:21 #9 type] 
Type domain.Pronostico is not enhanced.

[2022-10-14 01:21:21 #10 type] 
Type domain.Seleccion is not enhanced.

[2022-10-14 01:21:21 #11 type] 
Type domain.Question is not enhanced.

[2022-10-14 01:21:21 #12 type] 
Type domain.Estadistica is not enhanced.

------------------------------------------------------------------------------------------------------------------------

[2022-10-14 01:21:40 #1 store] 
Database 'C:\Users\porta\eclipse-workspace\Bets21\src\main\resources\bets.temp' has been recovered (tr. 16-16)

[2022-10-14 01:21:41 #2 store] 
Database 'C:\Users\porta\eclipse-workspace\Bets21\src\main\resources\bets.temp' is opened by 1584@porta-PC

[2022-10-14 01:21:41 #3 store] 
Configuration path: ?

[2022-10-14 01:21:41 #4 type] 
Type domain.Subdito is not enhanced.

[2022-10-14 01:21:41 #5 type] 
Type domain.Admin is not enhanced.

[2022-10-14 01:21:41 #6 type] 
Type domain.Usuario is not enhanced.

[2022-10-14 01:21:41 #7 type] 
Type domain.Cupon is not enhanced.

[2022-10-14 01:21:41 #8 type] 
Type domain.Apuesta is not enhanced.

[2022-10-14 01:21:41 #9 type] 
Type domain.Event is not enhanced.

[2022-10-14 01:21:41 #10 type] 
Type domain.Pronostico is not enhanced.

[2022-10-14 01:21:41 #11 type] 
Type domain.Seleccion is not enhanced.

[2022-10-14 01:21:41 #12 type] 
Type domain.Question is not enhanced.

[2022-10-14 01:21:41 #13 type] 
Type domain.Estadistica is not enhanced.

------------------------------------------------------------------------------------------------------------------------

[2022-10-14 01:22:54 #1 store] 
Database 'C:\Users\porta\eclipse-workspace\Bets21\src\main\resources\bets.temp' is opened by 6688@porta-PC

[2022-10-14 01:22:54 #2 store] 
Configuration path: ?

[2022-10-14 01:22:54 #3 type] 
Type domain.Subdito is not enhanced.

[2022-10-14 01:22:54 #4 type] 
Type domain.Admin is not enhanced.

[2022-10-14 01:22:54 #5 type] 
Type domain.Usuario is not enhanced.

[2022-10-14 01:22:54 #6 type] 
Type domain.Cupon is not enhanced.

[2022-10-14 01:22:54 #7 type] 
Type domain.Apuesta is not enhanced.

[2022-10-14 01:22:54 #8 type] 
Type domain.Event is not enhanced.

[2022-10-14 01:22:54 #9 type] 
Type domain.Pronostico is not enhanced.

[2022-10-14 01:22:54 #10 type] 
Type domain.Seleccion is not enhanced.

[2022-10-14 01:22:54 #11 type] 
Type domain.Question is not enhanced.

[2022-10-14 01:22:54 #12 type] 
Type domain.Estadistica is not enhanced.

------------------------------------------------------------------------------------------------------------------------

[2022-10-14 01:24:57 #1 store] 
Database 'C:\Users\porta\eclipse-workspace\Bets21\src\main\resources\bets.temp' is opened by 9288@porta-PC

[2022-10-14 01:24:57 #2 store] 
Configuration path: ?

[2022-10-14 01:24:57 #3 type] 
Type domain.Subdito is not enhanced.

[2022-10-14 01:24:57 #4 type] 
Type domain.Admin is not enhanced.

[2022-10-14 01:24:57 #5 type] 
Type domain.Usuario is not enhanced.

[2022-10-14 01:24:57 #6 type] 
Type domain.Cupon is not enhanced.

[2022-10-14 01:24:57 #7 type] 
Type domain.Apuesta is not enhanced.

[2022-10-14 01:24:57 #8 type] 
Type domain.Event is not enhanced.

[2022-10-14 01:24:57 #9 type] 
Type domain.Pronostico is not enhanced.

[2022-10-14 01:24:57 #10 type] 
Type domain.Seleccion is not enhanced.

[2022-10-14 01:24:57 #11 type] 
Type domain.Question is not enhanced.

[2022-10-14 01:24:57 #12 type] 
Type domain.Estadistica is not enhanced.

------------------------------------------------------------------------------------------------------------------------

[2022-10-14 01:26:36 #1 store] 
Database 'C:\Users\porta\eclipse-workspace\Bets21\src\main\resources\bets.temp' is opened by 11240@porta-PC

[2022-10-14 01:26:36 #2 store] 
Configuration path: ?

[2022-10-14 01:26:36 #3 type] 
Type domain.Subdito is not enhanced.

[2022-10-14 01:26:36 #4 type] 
Type domain.Admin is not enhanced.

[2022-10-14 01:26:36 #5 type] 
Type domain.Usuario is not enhanced.

[2022-10-14 01:26:36 #6 type] 
Type domain.Cupon is not enhanced.

[2022-10-14 01:26:36 #7 type] 
Type domain.Apuesta is not enhanced.

[2022-10-14 01:26:36 #8 type] 
Type domain.Event is not enhanced.

[2022-10-14 01:26:36 #9 type] 
Type domain.Pronostico is not enhanced.

[2022-10-14 01:26:36 #10 type] 
Type domain.Seleccion is not enhanced.

[2022-10-14 01:26:36 #11 type] 
Type domain.Question is not enhanced.

[2022-10-14 01:26:36 #12 type] 
Type domain.Estadistica is not enhanced.

------------------------------------------------------------------------------------------------------------------------

[2022-10-14 01:28:59 #1 store] 
Database 'C:\Users\porta\eclipse-workspace\Bets21\src\main\resources\bets.temp' is opened by 3868@porta-PC

[2022-10-14 01:28:59 #2 store] 
Configuration path: ?

[2022-10-14 01:28:59 #3 type] 
Type domain.Subdito is not enhanced.

[2022-10-14 01:28:59 #4 type] 
Type domain.Admin is not enhanced.

[2022-10-14 01:28:59 #5 type] 
Type domain.Usuario is not enhanced.

[2022-10-14 01:28:59 #6 type] 
Type domain.Cupon is not enhanced.

[2022-10-14 01:28:59 #7 type] 
Type domain.Apuesta is not enhanced.

[2022-10-14 01:28:59 #8 type] 
Type domain.Event is not enhanced.

[2022-10-14 01:28:59 #9 type] 
Type domain.Pronostico is not enhanced.

[2022-10-14 01:28:59 #10 type] 
Type domain.Seleccion is not enhanced.

[2022-10-14 01:28:59 #11 type] 
Type domain.Question is not enhanced.

[2022-10-14 01:28:59 #12 type] 
Type domain.Estadistica is not enhanced.

------------------------------------------------------------------------------------------------------------------------

[2022-10-14 01:31:19 #1 store] 
Database 'C:\Users\porta\eclipse-workspace\Bets21\src\main\resources\bets.temp' has been recovered (tr. 18-18)

[2022-10-14 01:31:19 #2 store] 
Database 'C:\Users\porta\eclipse-workspace\Bets21\src\main\resources\bets.temp' is opened by 120@porta-PC

[2022-10-14 01:31:19 #3 store] 
Configuration path: ?

[2022-10-14 01:31:19 #4 type] 
Type domain.Subdito is not enhanced.

[2022-10-14 01:31:19 #5 type] 
Type domain.Admin is not enhanced.

[2022-10-14 01:31:19 #6 type] 
Type domain.Usuario is not enhanced.

[2022-10-14 01:31:19 #7 type] 
Type domain.Cupon is not enhanced.

[2022-10-14 01:31:19 #8 type] 
Type domain.Apuesta is not enhanced.

[2022-10-14 01:31:19 #9 type] 
Type domain.Event is not enhanced.

[2022-10-14 01:31:19 #10 type] 
Type domain.Pronostico is not enhanced.

[2022-10-14 01:31:19 #11 type] 
Type domain.Seleccion is not enhanced.

[2022-10-14 01:31:19 #12 type] 
Type domain.Question is not enhanced.

[2022-10-14 01:31:19 #13 type] 
Type domain.Estadistica is not enhanced.

------------------------------------------------------------------------------------------------------------------------

[2022-10-14 01:33:45 #1 store] 
Database 'C:\Users\porta\eclipse-workspace\Bets21\src\main\resources\bets.temp' is opened by 2108@porta-PC

[2022-10-14 01:33:45 #2 store] 
Configuration path: ?

[2022-10-14 01:33:45 #3 type] 
Type domain.Subdito is not enhanced.

[2022-10-14 01:33:45 #4 type] 
Type domain.Admin is not enhanced.

[2022-10-14 01:33:45 #5 type] 
Type domain.Usuario is not enhanced.

[2022-10-14 01:33:45 #6 type] 
Type domain.Cupon is not enhanced.

[2022-10-14 01:33:45 #7 type] 
Type domain.Apuesta is not enhanced.

[2022-10-14 01:33:45 #8 type] 
Type domain.Event is not enhanced.

[2022-10-14 01:33:45 #9 type] 
Type domain.Pronostico is not enhanced.

[2022-10-14 01:33:45 #10 type] 
Type domain.Seleccion is not enhanced.

[2022-10-14 01:33:45 #11 type] 
Type domain.Question is not enhanced.

[2022-10-14 01:33:45 #12 type] 
Type domain.Estadistica is not enhanced.

------------------------------------------------------------------------------------------------------------------------

[2022-10-14 01:38:21 #1 store] 
Database 'C:\Users\porta\eclipse-workspace\Bets21\src\main\resources\bets.temp' is opened by 2704@porta-PC

[2022-10-14 01:38:21 #2 store] 
Configuration path: ?

[2022-10-14 01:38:21 #3 type] 
Type domain.Subdito is not enhanced.

[2022-10-14 01:38:21 #4 type] 
Type domain.Admin is not enhanced.

[2022-10-14 01:38:21 #5 type] 
Type domain.Usuario is not enhanced.

[2022-10-14 01:38:21 #6 type] 
Type domain.Cupon is not enhanced.

[2022-10-14 01:38:21 #7 type] 
Type domain.Apuesta is not enhanced.

[2022-10-14 01:38:21 #8 type] 
Type domain.Event is not enhanced.

[2022-10-14 01:38:21 #9 type] 
Type domain.Pronostico is not enhanced.

[2022-10-14 01:38:21 #10 type] 
Type domain.Seleccion is not enhanced.

[2022-10-14 01:38:21 #11 type] 
Type domain.Question is not enhanced.

[2022-10-14 01:38:21 #12 type] 
Type domain.Estadistica is not enhanced.

------------------------------------------------------------------------------------------------------------------------

[2022-10-14 01:46:46 #1 store] 
Database 'C:\Users\porta\eclipse-workspace\Bets21\src\main\resources\bets.temp' is opened by 5104@porta-PC

[2022-10-14 01:46:46 #2 store] 
Configuration path: ?

[2022-10-14 01:46:46 #3 type] 
Type domain.Subdito is not enhanced.

[2022-10-14 01:46:46 #4 type] 
Type domain.Admin is not enhanced.

[2022-10-14 01:46:46 #5 type] 
Type domain.Usuario is not enhanced.

[2022-10-14 01:46:46 #6 type] 
Type domain.Cupon is not enhanced.

[2022-10-14 01:46:46 #7 type] 
Type domain.Apuesta is not enhanced.

[2022-10-14 01:46:46 #8 type] 
Type domain.Event is not enhanced.

[2022-10-14 01:46:46 #9 type] 
Type domain.Pronostico is not enhanced.

[2022-10-14 01:46:46 #10 type] 
Type domain.Seleccion is not enhanced.

[2022-10-14 01:46:46 #11 type] 
Type domain.Question is not enhanced.

[2022-10-14 01:46:46 #12 type] 
Type domain.Estadistica is not enhanced.

------------------------------------------------------------------------------------------------------------------------

[2022-10-14 01:48:20 #1 store] 
Database 'C:\Users\porta\eclipse-workspace\Bets21\src\main\resources\bets.temp' has been recovered (tr. 19-21)

[2022-10-14 01:48:20 #2 store] 
Database 'C:\Users\porta\eclipse-workspace\Bets21\src\main\resources\bets.temp' is opened by 6612@porta-PC

[2022-10-14 01:48:20 #3 store] 
Configuration path: ?

[2022-10-14 01:48:21 #4 type] 
Type domain.Subdito is not enhanced.

[2022-10-14 01:48:21 #5 type] 
Type domain.Admin is not enhanced.

[2022-10-14 01:48:21 #6 type] 
Type domain.Usuario is not enhanced.

[2022-10-14 01:48:21 #7 type] 
Type domain.Cupon is not enhanced.

[2022-10-14 01:48:21 #8 type] 
Type domain.Apuesta is not enhanced.

[2022-10-14 01:48:21 #9 type] 
Type domain.Event is not enhanced.

[2022-10-14 01:48:21 #10 type] 
Type domain.Pronostico is not enhanced.

[2022-10-14 01:48:21 #11 type] 
Type domain.Seleccion is not enhanced.

[2022-10-14 01:48:21 #12 type] 
Type domain.Question is not enhanced.

[2022-10-14 01:48:21 #13 type] 
Type domain.Estadistica is not enhanced.

------------------------------------------------------------------------------------------------------------------------

[2022-10-14 18:53:19 #1 store] 
Database 'C:\Users\porta\eclipse-workspace\Bets21\src\main\resources\bets.temp' is opened by 12296@porta-PC

[2022-10-14 18:53:19 #2 store] 
Configuration path: ?

[2022-10-14 18:53:19 #3 type] 
Type domain.Subdito is not enhanced.

[2022-10-14 18:53:19 #4 type] 
Type domain.Admin is not enhanced.

[2022-10-14 18:53:19 #5 type] 
Type domain.Usuario is not enhanced.

[2022-10-14 18:53:19 #6 type] 
Type domain.Cupon is not enhanced.

[2022-10-14 18:53:19 #7 type] 
Type domain.Apuesta is not enhanced.

[2022-10-14 18:53:19 #8 type] 
Type domain.Event is not enhanced.

[2022-10-14 18:53:19 #9 type] 
Type domain.Pronostico is not enhanced.

[2022-10-14 18:53:19 #10 type] 
Type domain.Seleccion is not enhanced.

[2022-10-14 18:53:19 #11 type] 
Type domain.Question is not enhanced.

[2022-10-14 18:53:19 #12 type] 
Type domain.Estadistica is not enhanced.

------------------------------------------------------------------------------------------------------------------------

[2022-10-14 18:56:22 #1 store] 
Database 'C:\Users\porta\eclipse-workspace\Bets21\src\main\resources\bets.temp' has been recovered (tr. 22-23)

[2022-10-14 18:56:22 #2 store] 
Database 'C:\Users\porta\eclipse-workspace\Bets21\src\main\resources\bets.temp' is opened by 2956@porta-PC

[2022-10-14 18:56:22 #3 store] 
Configuration path: ?

[2022-10-14 18:56:22 #4 type] 
Type domain.Subdito is not enhanced.

[2022-10-14 18:56:22 #5 type] 
Type domain.Admin is not enhanced.

[2022-10-14 18:56:22 #6 type] 
Type domain.Usuario is not enhanced.

[2022-10-14 18:56:22 #7 type] 
Type domain.Cupon is not enhanced.

[2022-10-14 18:56:22 #8 type] 
Type domain.Apuesta is not enhanced.

[2022-10-14 18:56:22 #9 type] 
Type domain.Event is not enhanced.

[2022-10-14 18:56:22 #10 type] 
Type domain.Pronostico is not enhanced.

[2022-10-14 18:56:22 #11 type] 
Type domain.Seleccion is not enhanced.

[2022-10-14 18:56:22 #12 type] 
Type domain.Question is not enhanced.

[2022-10-14 18:56:22 #13 type] 
Type domain.Estadistica is not enhanced.

[2022-10-14 18:56:22 #14 type] 
Type domain.AnadirUsuarioParameter is not enhanced.

------------------------------------------------------------------------------------------------------------------------

[2022-10-14 18:58:41 #1 store] 
Database 'C:\Users\porta\eclipse-workspace\Bets21\src\main\resources\bets.temp' is opened by 2424@porta-PC

[2022-10-14 18:58:41 #2 store] 
Configuration path: ?

[2022-10-14 18:58:41 #3 type] 
Type domain.Subdito is not enhanced.

[2022-10-14 18:58:41 #4 type] 
Type domain.Admin is not enhanced.

[2022-10-14 18:58:41 #5 type] 
Type domain.Usuario is not enhanced.

[2022-10-14 18:58:41 #6 type] 
Type domain.Cupon is not enhanced.

[2022-10-14 18:58:41 #7 type] 
Type domain.Apuesta is not enhanced.

[2022-10-14 18:58:41 #8 type] 
Type domain.Event is not enhanced.

[2022-10-14 18:58:41 #9 type] 
Type domain.Pronostico is not enhanced.

[2022-10-14 18:58:41 #10 type] 
Type domain.Seleccion is not enhanced.

[2022-10-14 18:58:41 #11 type] 
Type domain.Question is not enhanced.

[2022-10-14 18:58:41 #12 type] 
Type domain.Estadistica is not enhanced.

[2022-10-14 18:58:41 #13 type] 
Type domain.AnadirUsuarioParameter is not enhanced.

------------------------------------------------------------------------------------------------------------------------

[2022-10-14 20:25:45 #1 store] 
Database 'C:\Users\porta\eclipse-workspace\Bets21\src\main\resources\bets.temp' is opened by 3472@porta-PC

[2022-10-14 20:25:45 #2 store] 
Configuration path: ?

[2022-10-14 20:25:45 #3 type] 
Type domain.Subdito is not enhanced.

[2022-10-14 20:25:45 #4 type] 
Type domain.Admin is not enhanced.

[2022-10-14 20:25:45 #5 type] 
Type domain.Usuario is not enhanced.

[2022-10-14 20:25:45 #6 type] 
Type domain.Cupon is not enhanced.

[2022-10-14 20:25:45 #7 type] 
Type domain.Apuesta is not enhanced.

[2022-10-14 20:25:45 #8 type] 
Type domain.Event is not enhanced.

[2022-10-14 20:25:45 #9 type] 
Type domain.Pronostico is not enhanced.

[2022-10-14 20:25:45 #10 type] 
Type domain.Seleccion is not enhanced.

[2022-10-14 20:25:45 #11 type] 
Type domain.Question is not enhanced.

[2022-10-14 20:25:45 #12 type] 
Type domain.Estadistica is not enhanced.

[2022-10-14 20:25:45 #13 type] 
Type domain.AnadirUsuarioParameter is not enhanced.

