------------------------------------------------------------------------------------------------------------------------

[2022-10-16 21:35:36 #1 store] 
Database 'C:\Users\porta\git\Bets21LC\Bets21\src\main\resources\bets.temp' is opened by 2188@porta-PC

[2022-10-16 21:35:36 #2 store] 
Configuration path: ?

[2022-10-16 21:35:37 #3 type] 
Type domain.Subdito is not enhanced.

[2022-10-16 21:35:37 #4 type] 
Type domain.Admin is not enhanced.

[2022-10-16 21:35:37 #5 type] 
Type domain.Usuario is not enhanced.

[2022-10-16 21:35:37 #6 type] 
Type domain.Cupon is not enhanced.

[2022-10-16 21:35:37 #7 type] 
Type domain.Apuesta is not enhanced.

[2022-10-16 21:35:37 #8 type] 
Type domain.Event is not enhanced.

[2022-10-16 21:35:37 #9 type] 
Type domain.Pronostico is not enhanced.

[2022-10-16 21:35:37 #10 type] 
Type domain.Seleccion is not enhanced.

[2022-10-16 21:35:37 #11 type] 
Type domain.Question is not enhanced.

[2022-10-16 21:35:37 #12 type] 
Type domain.Estadistica is not enhanced.

[2022-10-16 21:35:37 #13 type] 
Type domain.AnadirUsuarioParameter is not enhanced.

