------------------------------------------------------------------------------------------------------------------------

[2022-10-13 16:27:10 #1 store] 
Database 'C:\Users\porta\eclipse-workspace\Bets21\src\main\resources\bets.temp' is opened by 13136@porta-PC

[2022-10-13 16:27:10 #2 store] 
Configuration path: ?

[2022-10-13 16:27:10 #3 type] 
Type domain.Subdito is not enhanced.

[2022-10-13 16:27:10 #4 type] 
Type domain.Admin is not enhanced.

[2022-10-13 16:27:10 #5 type] 
Type domain.Usuario is not enhanced.

[2022-10-13 16:27:10 #6 type] 
Type domain.Cupon is not enhanced.

[2022-10-13 16:27:10 #7 type] 
Type domain.Apuesta is not enhanced.

[2022-10-13 16:27:10 #8 type] 
Type domain.Event is not enhanced.

[2022-10-13 16:27:10 #9 type] 
Type domain.Pronostico is not enhanced.

[2022-10-13 16:27:10 #10 type] 
Type domain.Seleccion is not enhanced.

[2022-10-13 16:27:10 #11 type] 
Type domain.Question is not enhanced.

------------------------------------------------------------------------------------------------------------------------

[2022-10-13 16:27:53 #1 store] 
Database 'C:\Users\porta\eclipse-workspace\Bets21\src\main\resources\bets.temp' is opened by 11124@porta-PC

[2022-10-13 16:27:53 #2 store] 
Configuration path: ?

[2022-10-13 16:27:53 #3 type] 
Type domain.Subdito is not enhanced.

[2022-10-13 16:27:53 #4 type] 
Type domain.Admin is not enhanced.

[2022-10-13 16:27:53 #5 type] 
Type domain.Usuario is not enhanced.

[2022-10-13 16:27:53 #6 type] 
Type domain.Cupon is not enhanced.

[2022-10-13 16:27:53 #7 type] 
Type domain.Apuesta is not enhanced.

[2022-10-13 16:27:53 #8 type] 
Type domain.Event is not enhanced.

[2022-10-13 16:27:53 #9 type] 
Type domain.Pronostico is not enhanced.

[2022-10-13 16:27:53 #10 type] 
Type domain.Seleccion is not enhanced.

[2022-10-13 16:27:53 #11 type] 
Type domain.Question is not enhanced.

------------------------------------------------------------------------------------------------------------------------

[2022-10-13 16:28:53 #1 store] 
Database 'C:\Users\porta\eclipse-workspace\Bets21\src\main\resources\bets.temp' is opened by 9868@porta-PC

[2022-10-13 16:28:53 #2 store] 
Configuration path: ?

[2022-10-13 16:28:53 #3 type] 
Type domain.Subdito is not enhanced.

[2022-10-13 16:28:53 #4 type] 
Type domain.Admin is not enhanced.

[2022-10-13 16:28:53 #5 type] 
Type domain.Usuario is not enhanced.

[2022-10-13 16:28:53 #6 type] 
Type domain.Cupon is not enhanced.

[2022-10-13 16:28:53 #7 type] 
Type domain.Apuesta is not enhanced.

[2022-10-13 16:28:53 #8 type] 
Type domain.Event is not enhanced.

[2022-10-13 16:28:53 #9 type] 
Type domain.Pronostico is not enhanced.

[2022-10-13 16:28:53 #10 type] 
Type domain.Seleccion is not enhanced.

[2022-10-13 16:28:53 #11 type] 
Type domain.Question is not enhanced.

[2022-10-13 16:29:58 #12 type] 
Type domain.Estadistica is not enhanced.

------------------------------------------------------------------------------------------------------------------------

[2022-10-13 16:31:10 #1 store] 
Database 'C:\Users\porta\eclipse-workspace\Bets21\src\main\resources\bets.temp' is opened by 7060@porta-PC

[2022-10-13 16:31:10 #2 store] 
Configuration path: ?

[2022-10-13 16:31:10 #3 type] 
Type domain.Subdito is not enhanced.

[2022-10-13 16:31:10 #4 type] 
Type domain.Admin is not enhanced.

[2022-10-13 16:31:10 #5 type] 
Type domain.Usuario is not enhanced.

[2022-10-13 16:31:10 #6 type] 
Type domain.Cupon is not enhanced.

[2022-10-13 16:31:10 #7 type] 
Type domain.Apuesta is not enhanced.

[2022-10-13 16:31:10 #8 type] 
Type domain.Event is not enhanced.

[2022-10-13 16:31:10 #9 type] 
Type domain.Pronostico is not enhanced.

[2022-10-13 16:31:10 #10 type] 
Type domain.Seleccion is not enhanced.

[2022-10-13 16:31:10 #11 type] 
Type domain.Question is not enhanced.

------------------------------------------------------------------------------------------------------------------------

[2022-10-13 16:31:27 #1 store] 
Database 'C:\Users\porta\eclipse-workspace\Bets21\src\main\resources\bets.temp' has been recovered (tr. 1-6)

[2022-10-13 16:31:27 #2 store] 
Database 'C:\Users\porta\eclipse-workspace\Bets21\src\main\resources\bets.temp' is opened by 2136@porta-PC

[2022-10-13 16:31:27 #3 store] 
Configuration path: ?

[2022-10-13 16:31:27 #4 type] 
Type domain.Subdito is not enhanced.

[2022-10-13 16:31:28 #5 type] 
Type domain.Admin is not enhanced.

[2022-10-13 16:31:28 #6 type] 
Type domain.Usuario is not enhanced.

[2022-10-13 16:31:28 #7 type] 
Type domain.Cupon is not enhanced.

[2022-10-13 16:31:28 #8 type] 
Type domain.Apuesta is not enhanced.

[2022-10-13 16:31:28 #9 type] 
Type domain.Event is not enhanced.

[2022-10-13 16:31:28 #10 type] 
Type domain.Pronostico is not enhanced.

[2022-10-13 16:31:28 #11 type] 
Type domain.Seleccion is not enhanced.

[2022-10-13 16:31:28 #12 type] 
Type domain.Question is not enhanced.

------------------------------------------------------------------------------------------------------------------------

[2022-10-13 16:33:11 #1 store] 
Database 'C:\Users\porta\eclipse-workspace\Bets21\src\main\resources\bets.temp' has been recovered (tr. 7-8)

[2022-10-13 16:33:12 #2 store] 
Database 'C:\Users\porta\eclipse-workspace\Bets21\src\main\resources\bets.temp' is opened by 11316@porta-PC

[2022-10-13 16:33:12 #3 store] 
Configuration path: ?

[2022-10-13 16:33:12 #4 type] 
Type domain.Subdito is not enhanced.

[2022-10-13 16:33:12 #5 type] 
Type domain.Admin is not enhanced.

[2022-10-13 16:33:12 #6 type] 
Type domain.Usuario is not enhanced.

[2022-10-13 16:33:12 #7 type] 
Type domain.Cupon is not enhanced.

[2022-10-13 16:33:12 #8 type] 
Type domain.Apuesta is not enhanced.

[2022-10-13 16:33:12 #9 type] 
Type domain.Event is not enhanced.

[2022-10-13 16:33:12 #10 type] 
Type domain.Pronostico is not enhanced.

[2022-10-13 16:33:12 #11 type] 
Type domain.Seleccion is not enhanced.

[2022-10-13 16:33:12 #12 type] 
Type domain.Question is not enhanced.

[2022-10-13 16:34:52 #13 type] 
Type domain.Estadistica is not enhanced.

------------------------------------------------------------------------------------------------------------------------

[2022-10-13 16:35:00 #1 store] 
Database 'C:\Users\porta\eclipse-workspace\Bets21\src\main\resources\bets.temp' has been recovered (tr. 9-15)

[2022-10-13 16:35:00 #2 store] 
Database 'C:\Users\porta\eclipse-workspace\Bets21\src\main\resources\bets.temp' is opened by 2312@porta-PC

[2022-10-13 16:35:00 #3 store] 
Configuration path: ?

[2022-10-13 16:35:00 #4 type] 
Type domain.Subdito is not enhanced.

[2022-10-13 16:35:00 #5 type] 
Type domain.Admin is not enhanced.

[2022-10-13 16:35:00 #6 type] 
Type domain.Usuario is not enhanced.

[2022-10-13 16:35:00 #7 type] 
Type domain.Cupon is not enhanced.

[2022-10-13 16:35:00 #8 type] 
Type domain.Apuesta is not enhanced.

[2022-10-13 16:35:00 #9 type] 
Type domain.Event is not enhanced.

[2022-10-13 16:35:00 #10 type] 
Type domain.Pronostico is not enhanced.

[2022-10-13 16:35:00 #11 type] 
Type domain.Seleccion is not enhanced.

[2022-10-13 16:35:00 #12 type] 
Type domain.Question is not enhanced.

[2022-10-13 16:35:00 #13 type] 
Type domain.Estadistica is not enhanced.

