------------------------------------------------------------------------------------------------------------------------

[2022-10-09 18:07:03 #1 store] 
Database 'C:\Users\alexg\Desktop\JAVA\Bets21 is2\src\main\resources\bets.temp' is opened by 3144@LAPTOP-UMCT0H0I

[2022-10-09 18:07:03 #2 store] 
Configuration path: ?

------------------------------------------------------------------------------------------------------------------------

[2022-10-09 18:07:13 #1 store] 
Database 'C:\Users\alexg\Desktop\JAVA\Bets21 is2\src\main\resources\bets.temp' has been recovered (tr. 1-2)

[2022-10-09 18:07:13 #2 store] 
Database 'C:\Users\alexg\Desktop\JAVA\Bets21 is2\src\main\resources\bets.temp' is opened by 21144@LAPTOP-UMCT0H0I

[2022-10-09 18:07:13 #3 store] 
Configuration path: ?

------------------------------------------------------------------------------------------------------------------------

[2022-10-09 18:08:08 #1 store] 
Database 'C:\Users\alexg\Desktop\JAVA\Bets21 is2\src\main\resources\bets.temp' is opened by 17984@LAPTOP-UMCT0H0I

[2022-10-09 18:08:08 #2 store] 
Configuration path: ?

------------------------------------------------------------------------------------------------------------------------

[2022-10-09 18:18:57 #1 store] 
Database 'C:\Users\alexg\Desktop\JAVA\Bets21 is2\src\main\resources\bets.temp' is opened by 1300@LAPTOP-UMCT0H0I

[2022-10-09 18:18:57 #2 store] 
Configuration path: ?

------------------------------------------------------------------------------------------------------------------------

[2022-10-09 18:19:41 #1 store] 
Database 'C:\Users\alexg\Desktop\JAVA\Bets21 is2\src\main\resources\bets.temp' is opened by 22260@LAPTOP-UMCT0H0I

[2022-10-09 18:19:41 #2 store] 
Configuration path: ?

------------------------------------------------------------------------------------------------------------------------

[2022-10-09 18:20:38 #1 store] 
Database 'C:\Users\alexg\Desktop\JAVA\Bets21 is2\src\main\resources\bets.temp' is opened by 2616@LAPTOP-UMCT0H0I

[2022-10-09 18:20:38 #2 store] 
Configuration path: ?

------------------------------------------------------------------------------------------------------------------------

[2022-10-09 18:21:00 #1 store] 
Database 'C:\Users\alexg\Desktop\JAVA\Bets21 is2\src\main\resources\bets.temp' is opened by 8588@LAPTOP-UMCT0H0I

[2022-10-09 18:21:00 #2 store] 
Configuration path: ?

------------------------------------------------------------------------------------------------------------------------

[2022-10-09 18:22:50 #1 store] 
Database 'C:\Users\alexg\Desktop\JAVA\Bets21 is2\src\main\resources\bets.temp' is opened by 21852@LAPTOP-UMCT0H0I

[2022-10-09 18:22:50 #2 store] 
Configuration path: ?

------------------------------------------------------------------------------------------------------------------------

[2022-10-09 18:56:51 #1 store] 
Database 'C:\Users\alexg\Desktop\JAVA\Bets21 is2\src\main\resources\bets.temp' is opened by 24428@LAPTOP-UMCT0H0I

[2022-10-09 18:56:51 #2 store] 
Configuration path: ?

[2022-10-09 18:56:51 #3 type] 
Type domain.Apuesta is not enhanced.

[2022-10-09 18:56:51 #4 type] 
Type domain.Event is not enhanced.

[2022-10-09 18:56:51 #5 type] 
Type domain.Pronostico is not enhanced.

[2022-10-09 18:56:51 #6 type] 
Type domain.Usuario is not enhanced.

[2022-10-09 18:56:51 #7 type] 
Type domain.Seleccion is not enhanced.

[2022-10-09 18:56:51 #8 type] 
Type domain.Question is not enhanced.

[2022-10-09 18:56:51 #9 type] 
Type domain.Cupon is not enhanced.

------------------------------------------------------------------------------------------------------------------------

[2022-10-09 18:57:33 #1 store] 
Database 'C:\Users\alexg\Desktop\JAVA\Bets21 is2\src\main\resources\bets.temp' has been recovered (tr. 3-3)

[2022-10-09 18:57:33 #2 store] 
Database 'C:\Users\alexg\Desktop\JAVA\Bets21 is2\src\main\resources\bets.temp' is opened by 20856@LAPTOP-UMCT0H0I

[2022-10-09 18:57:33 #3 store] 
Configuration path: ?

[2022-10-09 18:57:33 #4 type] 
Type domain.Apuesta is not enhanced.

[2022-10-09 18:57:33 #5 type] 
Type domain.Event is not enhanced.

[2022-10-09 18:57:33 #6 type] 
Type domain.Pronostico is not enhanced.

[2022-10-09 18:57:33 #7 type] 
Type domain.Usuario is not enhanced.

[2022-10-09 18:57:33 #8 type] 
Type domain.Seleccion is not enhanced.

[2022-10-09 18:57:33 #9 type] 
Type domain.Question is not enhanced.

[2022-10-09 18:57:33 #10 type] 
Type domain.Cupon is not enhanced.

------------------------------------------------------------------------------------------------------------------------

[2022-10-09 18:58:43 #1 store] 
Database 'C:\Users\alexg\Desktop\JAVA\Bets21 is2\src\main\resources\bets.temp' is opened by 24532@LAPTOP-UMCT0H0I

[2022-10-09 18:58:43 #2 store] 
Configuration path: ?

[2022-10-09 18:58:43 #3 type] 
Type domain.Apuesta is not enhanced.

[2022-10-09 18:58:43 #4 type] 
Type domain.Event is not enhanced.

[2022-10-09 18:58:43 #5 type] 
Type domain.Pronostico is not enhanced.

[2022-10-09 18:58:43 #6 type] 
Type domain.Usuario is not enhanced.

[2022-10-09 18:58:43 #7 type] 
Type domain.Seleccion is not enhanced.

[2022-10-09 18:58:43 #8 type] 
Type domain.Question is not enhanced.

[2022-10-09 18:58:43 #9 type] 
Type domain.Cupon is not enhanced.

------------------------------------------------------------------------------------------------------------------------

[2022-10-09 18:59:14 #1 store] 
Database 'C:\Users\alexg\Desktop\JAVA\Bets21 is2\src\main\resources\bets.temp' is opened by 13424@LAPTOP-UMCT0H0I

[2022-10-09 18:59:14 #2 store] 
Configuration path: ?

[2022-10-09 18:59:14 #3 type] 
Type domain.Apuesta is not enhanced.

[2022-10-09 18:59:14 #4 type] 
Type domain.Event is not enhanced.

[2022-10-09 18:59:14 #5 type] 
Type domain.Pronostico is not enhanced.

[2022-10-09 18:59:14 #6 type] 
Type domain.Usuario is not enhanced.

[2022-10-09 18:59:14 #7 type] 
Type domain.Seleccion is not enhanced.

[2022-10-09 18:59:14 #8 type] 
Type domain.Question is not enhanced.

[2022-10-09 18:59:14 #9 type] 
Type domain.Cupon is not enhanced.

------------------------------------------------------------------------------------------------------------------------

[2022-10-09 18:59:53 #1 store] 
Database 'C:\Users\alexg\Desktop\JAVA\Bets21 is2\src\main\resources\bets.temp' is opened by 21584@LAPTOP-UMCT0H0I

[2022-10-09 18:59:53 #2 store] 
Configuration path: ?

[2022-10-09 18:59:53 #3 type] 
Type domain.Apuesta is not enhanced.

[2022-10-09 18:59:53 #4 type] 
Type domain.Event is not enhanced.

[2022-10-09 18:59:53 #5 type] 
Type domain.Pronostico is not enhanced.

[2022-10-09 18:59:53 #6 type] 
Type domain.Usuario is not enhanced.

[2022-10-09 18:59:53 #7 type] 
Type domain.Seleccion is not enhanced.

[2022-10-09 18:59:53 #8 type] 
Type domain.Question is not enhanced.

[2022-10-09 18:59:53 #9 type] 
Type domain.Cupon is not enhanced.

------------------------------------------------------------------------------------------------------------------------

[2022-10-09 19:26:45 #1 store] 
Database 'C:\Users\alexg\Desktop\JAVA\Bets21 is2\src\main\resources\bets.temp' is opened by 11864@LAPTOP-UMCT0H0I

[2022-10-09 19:26:45 #2 store] 
Configuration path: ?

[2022-10-09 19:26:45 #3 type] 
Type domain.Apuesta is not enhanced.

[2022-10-09 19:26:45 #4 type] 
Type domain.Event is not enhanced.

[2022-10-09 19:26:45 #5 type] 
Type domain.Pronostico is not enhanced.

[2022-10-09 19:26:45 #6 type] 
Type domain.Usuario is not enhanced.

[2022-10-09 19:26:45 #7 type] 
Type domain.Seleccion is not enhanced.

[2022-10-09 19:26:45 #8 type] 
Type domain.Question is not enhanced.

[2022-10-09 19:26:45 #9 type] 
Type domain.Cupon is not enhanced.

------------------------------------------------------------------------------------------------------------------------

[2022-10-09 19:27:24 #1 store] 
Database 'C:\Users\alexg\Desktop\JAVA\Bets21 is2\src\main\resources\bets.temp' is opened by 23384@LAPTOP-UMCT0H0I

[2022-10-09 19:27:24 #2 store] 
Configuration path: ?

[2022-10-09 19:27:24 #3 type] 
Type domain.Apuesta is not enhanced.

[2022-10-09 19:27:24 #4 type] 
Type domain.Event is not enhanced.

[2022-10-09 19:27:24 #5 type] 
Type domain.Pronostico is not enhanced.

[2022-10-09 19:27:24 #6 type] 
Type domain.Usuario is not enhanced.

[2022-10-09 19:27:24 #7 type] 
Type domain.Seleccion is not enhanced.

[2022-10-09 19:27:24 #8 type] 
Type domain.Question is not enhanced.

[2022-10-09 19:27:24 #9 type] 
Type domain.Cupon is not enhanced.

------------------------------------------------------------------------------------------------------------------------

[2022-10-09 19:29:31 #1 store] 
Database 'C:\Users\alexg\Desktop\JAVA\Bets21 is2\src\main\resources\bets.temp' is opened by 22148@LAPTOP-UMCT0H0I

[2022-10-09 19:29:31 #2 store] 
Configuration path: ?

[2022-10-09 19:29:31 #3 type] 
Type domain.Apuesta is not enhanced.

[2022-10-09 19:29:31 #4 type] 
Type domain.Event is not enhanced.

[2022-10-09 19:29:31 #5 type] 
Type domain.Pronostico is not enhanced.

[2022-10-09 19:29:31 #6 type] 
Type domain.Usuario is not enhanced.

[2022-10-09 19:29:31 #7 type] 
Type domain.Seleccion is not enhanced.

[2022-10-09 19:29:31 #8 type] 
Type domain.Question is not enhanced.

[2022-10-09 19:29:31 #9 type] 
Type domain.Cupon is not enhanced.

------------------------------------------------------------------------------------------------------------------------

[2022-10-09 19:36:33 #1 store] 
Database 'C:\Users\alexg\Desktop\JAVA\Bets21 is2\src\main\resources\bets.temp' is opened by 7688@LAPTOP-UMCT0H0I

[2022-10-09 19:36:33 #2 store] 
Configuration path: ?

[2022-10-09 19:36:33 #3 type] 
Type domain.Apuesta is not enhanced.

[2022-10-09 19:36:33 #4 type] 
Type domain.Event is not enhanced.

[2022-10-09 19:36:33 #5 type] 
Type domain.Pronostico is not enhanced.

[2022-10-09 19:36:33 #6 type] 
Type domain.Usuario is not enhanced.

[2022-10-09 19:36:33 #7 type] 
Type domain.Seleccion is not enhanced.

[2022-10-09 19:36:33 #8 type] 
Type domain.Question is not enhanced.

[2022-10-09 19:36:33 #9 type] 
Type domain.Cupon is not enhanced.

------------------------------------------------------------------------------------------------------------------------

[2022-10-09 19:36:36 #1 store] 
Database 'C:\Users\alexg\Desktop\JAVA\Bets21 is2\src\main\resources\bets.temp' is opened by 22704@LAPTOP-UMCT0H0I

[2022-10-09 19:36:36 #2 store] 
Configuration path: ?

[2022-10-09 19:36:36 #3 type] 
Type domain.Apuesta is not enhanced.

[2022-10-09 19:36:36 #4 type] 
Type domain.Event is not enhanced.

[2022-10-09 19:36:36 #5 type] 
Type domain.Pronostico is not enhanced.

[2022-10-09 19:36:36 #6 type] 
Type domain.Usuario is not enhanced.

[2022-10-09 19:36:36 #7 type] 
Type domain.Seleccion is not enhanced.

[2022-10-09 19:36:36 #8 type] 
Type domain.Question is not enhanced.

[2022-10-09 19:36:36 #9 type] 
Type domain.Cupon is not enhanced.

------------------------------------------------------------------------------------------------------------------------

[2022-10-09 20:27:55 #1 store] 
Database 'C:\Users\nerea\Downloads\Bets21 is2\Bets21 is2\src\main\resources\bets.temp' is opened by 7876@PC-NEREA-CASA

[2022-10-09 20:27:55 #2 store] 
Configuration path: ?

[2022-10-09 20:27:55 #3 type] 
Type domain.Apuesta is not enhanced.

[2022-10-09 20:27:55 #4 type] 
Type domain.Event is not enhanced.

[2022-10-09 20:27:55 #5 type] 
Type domain.Pronostico is not enhanced.

[2022-10-09 20:27:55 #6 type] 
Type domain.Usuario is not enhanced.

[2022-10-09 20:27:55 #7 type] 
Type domain.Seleccion is not enhanced.

[2022-10-09 20:27:55 #8 type] 
Type domain.Question is not enhanced.

[2022-10-09 20:27:55 #9 type] 
Type domain.Cupon is not enhanced.

------------------------------------------------------------------------------------------------------------------------

[2022-10-09 20:29:14 #1 store] 
Database 'C:\Users\nerea\Downloads\Bets21 is2\Bets21 is2\src\main\resources\bets.temp' has been recovered (tr. 4-9)

[2022-10-09 20:29:14 #2 store] 
Database 'C:\Users\nerea\Downloads\Bets21 is2\Bets21 is2\src\main\resources\bets.temp' is opened by 12032@PC-NEREA-CASA

[2022-10-09 20:29:14 #3 store] 
Configuration path: ?

[2022-10-09 20:29:15 #4 type] 
Type domain.Apuesta is not enhanced.

[2022-10-09 20:29:15 #5 type] 
Type domain.Event is not enhanced.

[2022-10-09 20:29:15 #6 type] 
Type domain.Pronostico is not enhanced.

[2022-10-09 20:29:15 #7 type] 
Type domain.Usuario is not enhanced.

[2022-10-09 20:29:15 #8 type] 
Type domain.Seleccion is not enhanced.

[2022-10-09 20:29:15 #9 type] 
Type domain.Question is not enhanced.

[2022-10-09 20:29:15 #10 type] 
Type domain.Cupon is not enhanced.

------------------------------------------------------------------------------------------------------------------------

[2022-10-09 20:52:46 #1 store] 
Database 'C:\Users\nerea\Downloads\Bets21 is2\Bets21 is2\src\main\resources\bets.temp' is opened by 5444@PC-NEREA-CASA

[2022-10-09 20:52:46 #2 store] 
Configuration path: ?

[2022-10-09 20:52:46 #3 type] 
Type domain.Apuesta is not enhanced.

[2022-10-09 20:52:46 #4 type] 
Type domain.Event is not enhanced.

[2022-10-09 20:52:46 #5 type] 
Type domain.Pronostico is not enhanced.

[2022-10-09 20:52:46 #6 type] 
Type domain.Usuario is not enhanced.

[2022-10-09 20:52:46 #7 type] 
Type domain.Seleccion is not enhanced.

[2022-10-09 20:52:46 #8 type] 
Type domain.Question is not enhanced.

[2022-10-09 20:52:46 #9 type] 
Type domain.Cupon is not enhanced.

------------------------------------------------------------------------------------------------------------------------

[2022-10-09 20:52:53 #1 store] 
Database 'C:\Users\nerea\Downloads\Bets21 is2\Bets21 is2\src\main\resources\bets.temp' is opened by 7596@PC-NEREA-CASA

[2022-10-09 20:52:53 #2 store] 
Configuration path: ?

[2022-10-09 20:52:54 #3 type] 
Type domain.Apuesta is not enhanced.

[2022-10-09 20:52:54 #4 type] 
Type domain.Event is not enhanced.

[2022-10-09 20:52:54 #5 type] 
Type domain.Pronostico is not enhanced.

[2022-10-09 20:52:54 #6 type] 
Type domain.Usuario is not enhanced.

[2022-10-09 20:52:54 #7 type] 
Type domain.Seleccion is not enhanced.

[2022-10-09 20:52:54 #8 type] 
Type domain.Question is not enhanced.

[2022-10-09 20:52:54 #9 type] 
Type domain.Cupon is not enhanced.

------------------------------------------------------------------------------------------------------------------------

[2022-10-09 20:53:07 #1 store] 
Database 'C:\Users\nerea\Downloads\Bets21 is2\Bets21 is2\src\main\resources\bets.temp' is opened by 8328@PC-NEREA-CASA

[2022-10-09 20:53:07 #2 store] 
Configuration path: ?

[2022-10-09 20:53:07 #3 type] 
Type domain.Apuesta is not enhanced.

[2022-10-09 20:53:07 #4 type] 
Type domain.Event is not enhanced.

[2022-10-09 20:53:07 #5 type] 
Type domain.Pronostico is not enhanced.

[2022-10-09 20:53:07 #6 type] 
Type domain.Usuario is not enhanced.

[2022-10-09 20:53:07 #7 type] 
Type domain.Seleccion is not enhanced.

[2022-10-09 20:53:07 #8 type] 
Type domain.Question is not enhanced.

[2022-10-09 20:53:07 #9 type] 
Type domain.Cupon is not enhanced.

------------------------------------------------------------------------------------------------------------------------

[2022-10-09 20:53:21 #1 store] 
Database 'C:\Users\nerea\Downloads\Bets21 is2\Bets21 is2\src\main\resources\bets.temp' is opened by 8724@PC-NEREA-CASA

[2022-10-09 20:53:21 #2 store] 
Configuration path: ?

[2022-10-09 20:53:21 #3 type] 
Type domain.Apuesta is not enhanced.

[2022-10-09 20:53:21 #4 type] 
Type domain.Event is not enhanced.

[2022-10-09 20:53:21 #5 type] 
Type domain.Pronostico is not enhanced.

[2022-10-09 20:53:21 #6 type] 
Type domain.Usuario is not enhanced.

[2022-10-09 20:53:21 #7 type] 
Type domain.Seleccion is not enhanced.

[2022-10-09 20:53:21 #8 type] 
Type domain.Question is not enhanced.

[2022-10-09 20:53:21 #9 type] 
Type domain.Cupon is not enhanced.

------------------------------------------------------------------------------------------------------------------------

[2022-10-09 20:53:59 #1 store] 
Database 'C:\Users\nerea\Downloads\Bets21 is2\Bets21 is2\src\main\resources\bets.temp' is opened by 12480@PC-NEREA-CASA

[2022-10-09 20:53:59 #2 store] 
Configuration path: ?

[2022-10-09 20:53:59 #3 type] 
Type domain.Apuesta is not enhanced.

[2022-10-09 20:53:59 #4 type] 
Type domain.Event is not enhanced.

[2022-10-09 20:53:59 #5 type] 
Type domain.Pronostico is not enhanced.

[2022-10-09 20:53:59 #6 type] 
Type domain.Usuario is not enhanced.

[2022-10-09 20:53:59 #7 type] 
Type domain.Seleccion is not enhanced.

[2022-10-09 20:53:59 #8 type] 
Type domain.Question is not enhanced.

[2022-10-09 20:53:59 #9 type] 
Type domain.Cupon is not enhanced.

[2022-10-09 20:53:59 #10 type] 
Type domain.Estadistica is not enhanced.

------------------------------------------------------------------------------------------------------------------------

[2022-10-09 20:54:11 #1 store] 
Database 'C:\Users\nerea\Downloads\Bets21 is2\Bets21 is2\src\main\resources\bets.temp' has been recovered (tr. 11-16)

[2022-10-09 20:54:11 #2 store] 
Database 'C:\Users\nerea\Downloads\Bets21 is2\Bets21 is2\src\main\resources\bets.temp' is opened by 6880@PC-NEREA-CASA

[2022-10-09 20:54:11 #3 store] 
Configuration path: ?

[2022-10-09 20:54:12 #4 type] 
Type domain.Apuesta is not enhanced.

[2022-10-09 20:54:12 #5 type] 
Type domain.Event is not enhanced.

[2022-10-09 20:54:12 #6 type] 
Type domain.Pronostico is not enhanced.

[2022-10-09 20:54:12 #7 type] 
Type domain.Usuario is not enhanced.

[2022-10-09 20:54:12 #8 type] 
Type domain.Seleccion is not enhanced.

[2022-10-09 20:54:12 #9 type] 
Type domain.Question is not enhanced.

[2022-10-09 20:54:12 #10 type] 
Type domain.Cupon is not enhanced.

[2022-10-09 20:54:12 #11 type] 
Type domain.Estadistica is not enhanced.

------------------------------------------------------------------------------------------------------------------------

[2022-10-09 20:55:07 #1 store] 
Database 'C:\Users\nerea\Downloads\Bets21 is2\Bets21 is2\src\main\resources\bets.temp' is opened by 5868@PC-NEREA-CASA

[2022-10-09 20:55:07 #2 store] 
Configuration path: ?

[2022-10-09 20:55:07 #3 type] 
Type domain.Apuesta is not enhanced.

[2022-10-09 20:55:07 #4 type] 
Type domain.Event is not enhanced.

[2022-10-09 20:55:07 #5 type] 
Type domain.Pronostico is not enhanced.

[2022-10-09 20:55:07 #6 type] 
Type domain.Usuario is not enhanced.

[2022-10-09 20:55:07 #7 type] 
Type domain.Seleccion is not enhanced.

[2022-10-09 20:55:07 #8 type] 
Type domain.Question is not enhanced.

[2022-10-09 20:55:07 #9 type] 
Type domain.Cupon is not enhanced.

[2022-10-09 20:55:07 #10 type] 
Type domain.Estadistica is not enhanced.

------------------------------------------------------------------------------------------------------------------------

[2022-10-09 20:56:20 #1 store] 
Database 'C:\Users\nerea\Downloads\Bets21 is2\Bets21 is2\src\main\resources\bets.temp' is opened by 7248@PC-NEREA-CASA

[2022-10-09 20:56:20 #2 store] 
Configuration path: ?

[2022-10-09 20:56:20 #3 type] 
Type domain.Apuesta is not enhanced.

[2022-10-09 20:56:20 #4 type] 
Type domain.Event is not enhanced.

[2022-10-09 20:56:20 #5 type] 
Type domain.Pronostico is not enhanced.

[2022-10-09 20:56:20 #6 type] 
Type domain.Usuario is not enhanced.

[2022-10-09 20:56:21 #7 type] 
Type domain.Seleccion is not enhanced.

[2022-10-09 20:56:21 #8 type] 
Type domain.Question is not enhanced.

[2022-10-09 20:56:21 #9 type] 
Type domain.Cupon is not enhanced.

[2022-10-09 20:56:21 #10 type] 
Type domain.Estadistica is not enhanced.

------------------------------------------------------------------------------------------------------------------------

[2022-10-09 20:57:08 #1 store] 
Database 'C:\Users\nerea\Downloads\Bets21 is2\Bets21 is2\src\main\resources\bets.temp' has been recovered (tr. 24-29)

[2022-10-09 20:57:08 #2 store] 
Database 'C:\Users\nerea\Downloads\Bets21 is2\Bets21 is2\src\main\resources\bets.temp' is opened by 12080@PC-NEREA-CASA

[2022-10-09 20:57:08 #3 store] 
Configuration path: ?

[2022-10-09 20:57:09 #4 type] 
Type domain.Apuesta is not enhanced.

[2022-10-09 20:57:09 #5 type] 
Type domain.Event is not enhanced.

[2022-10-09 20:57:09 #6 type] 
Type domain.Pronostico is not enhanced.

[2022-10-09 20:57:09 #7 type] 
Type domain.Usuario is not enhanced.

[2022-10-09 20:57:09 #8 type] 
Type domain.Seleccion is not enhanced.

[2022-10-09 20:57:09 #9 type] 
Type domain.Question is not enhanced.

[2022-10-09 20:57:09 #10 type] 
Type domain.Cupon is not enhanced.

[2022-10-09 20:57:09 #11 type] 
Type domain.Estadistica is not enhanced.

------------------------------------------------------------------------------------------------------------------------

[2022-10-09 20:57:34 #1 store] 
Database 'C:\Users\nerea\Downloads\Bets21 is2\Bets21 is2\src\main\resources\bets.temp' is opened by 12396@PC-NEREA-CASA

[2022-10-09 20:57:34 #2 store] 
Configuration path: ?

[2022-10-09 20:57:34 #3 type] 
Type domain.Apuesta is not enhanced.

[2022-10-09 20:57:34 #4 type] 
Type domain.Event is not enhanced.

[2022-10-09 20:57:34 #5 type] 
Type domain.Pronostico is not enhanced.

[2022-10-09 20:57:34 #6 type] 
Type domain.Usuario is not enhanced.

[2022-10-09 20:57:34 #7 type] 
Type domain.Seleccion is not enhanced.

[2022-10-09 20:57:34 #8 type] 
Type domain.Question is not enhanced.

[2022-10-09 20:57:34 #9 type] 
Type domain.Cupon is not enhanced.

[2022-10-09 20:57:34 #10 type] 
Type domain.Estadistica is not enhanced.

------------------------------------------------------------------------------------------------------------------------

[2022-10-09 21:01:48 #1 store] 
Database 'C:\Users\nerea\Downloads\Bets21 is2\Bets21 is2\src\main\resources\bets.temp' has been recovered (tr. 32-36)

[2022-10-09 21:01:48 #2 store] 
Database 'C:\Users\nerea\Downloads\Bets21 is2\Bets21 is2\src\main\resources\bets.temp' is opened by 9812@PC-NEREA-CASA

[2022-10-09 21:01:48 #3 store] 
Configuration path: ?

[2022-10-09 21:01:48 #4 type] 
Type domain.Apuesta is not enhanced.

[2022-10-09 21:01:48 #5 type] 
Type domain.Event is not enhanced.

[2022-10-09 21:01:48 #6 type] 
Type domain.Pronostico is not enhanced.

[2022-10-09 21:01:48 #7 type] 
Type domain.Usuario is not enhanced.

[2022-10-09 21:01:48 #8 type] 
Type domain.Seleccion is not enhanced.

[2022-10-09 21:01:48 #9 type] 
Type domain.Question is not enhanced.

[2022-10-09 21:01:48 #10 type] 
Type domain.Cupon is not enhanced.

[2022-10-09 21:01:48 #11 type] 
Type domain.Estadistica is not enhanced.

------------------------------------------------------------------------------------------------------------------------

[2022-10-09 21:02:10 #1 store] 
Database 'C:\Users\nerea\Downloads\Bets21 is2\Bets21 is2\src\main\resources\bets.temp' is opened by 1408@PC-NEREA-CASA

[2022-10-09 21:02:10 #2 store] 
Configuration path: ?

[2022-10-09 21:02:10 #3 type] 
Type domain.Apuesta is not enhanced.

[2022-10-09 21:02:10 #4 type] 
Type domain.Event is not enhanced.

[2022-10-09 21:02:10 #5 type] 
Type domain.Pronostico is not enhanced.

[2022-10-09 21:02:10 #6 type] 
Type domain.Usuario is not enhanced.

[2022-10-09 21:02:10 #7 type] 
Type domain.Seleccion is not enhanced.

[2022-10-09 21:02:10 #8 type] 
Type domain.Question is not enhanced.

[2022-10-09 21:02:10 #9 type] 
Type domain.Cupon is not enhanced.

[2022-10-09 21:02:10 #10 type] 
Type domain.Estadistica is not enhanced.

------------------------------------------------------------------------------------------------------------------------

[2022-10-09 21:03:05 #1 store] 
Database 'C:\Users\nerea\Downloads\Bets21 is2\Bets21 is2\src\main\resources\bets.temp' is opened by 12540@PC-NEREA-CASA

[2022-10-09 21:03:05 #2 store] 
Configuration path: ?

[2022-10-09 21:03:06 #3 type] 
Type domain.Apuesta is not enhanced.

[2022-10-09 21:03:06 #4 type] 
Type domain.Event is not enhanced.

[2022-10-09 21:03:06 #5 type] 
Type domain.Pronostico is not enhanced.

[2022-10-09 21:03:06 #6 type] 
Type domain.Usuario is not enhanced.

[2022-10-09 21:03:06 #7 type] 
Type domain.Seleccion is not enhanced.

[2022-10-09 21:03:06 #8 type] 
Type domain.Question is not enhanced.

[2022-10-09 21:03:06 #9 type] 
Type domain.Cupon is not enhanced.

[2022-10-09 21:03:06 #10 type] 
Type domain.Estadistica is not enhanced.

------------------------------------------------------------------------------------------------------------------------

[2022-10-09 21:21:24 #1 store] 
Database 'C:\Users\nerea\Downloads\Bets21 is2\Bets21 is2\src\main\resources\bets.temp' has been recovered (tr. 49-59)

[2022-10-09 21:21:24 #2 store] 
Database 'C:\Users\nerea\Downloads\Bets21 is2\Bets21 is2\src\main\resources\bets.temp' is opened by 13268@PC-NEREA-CASA

[2022-10-09 21:21:24 #3 store] 
Configuration path: ?

[2022-10-09 21:21:25 #4 type] 
Type domain.Apuesta is not enhanced.

[2022-10-09 21:21:25 #5 type] 
Type domain.Event is not enhanced.

[2022-10-09 21:21:25 #6 type] 
Type domain.Pronostico is not enhanced.

[2022-10-09 21:21:25 #7 type] 
Type domain.Usuario is not enhanced.

[2022-10-09 21:21:25 #8 type] 
Type domain.Seleccion is not enhanced.

[2022-10-09 21:21:25 #9 type] 
Type domain.Question is not enhanced.

[2022-10-09 21:21:25 #10 type] 
Type domain.Cupon is not enhanced.

[2022-10-09 21:21:25 #11 type] 
Type domain.Estadistica is not enhanced.

------------------------------------------------------------------------------------------------------------------------

[2022-10-09 21:25:38 #1 store] 
Database 'C:\Users\nerea\Downloads\Bets21 is2\Bets21 is2\src\main\resources\bets.temp' has been recovered (tr. 60-70)

[2022-10-09 21:25:38 #2 store] 
Database 'C:\Users\nerea\Downloads\Bets21 is2\Bets21 is2\src\main\resources\bets.temp' is opened by 13164@PC-NEREA-CASA

[2022-10-09 21:25:38 #3 store] 
Configuration path: ?

[2022-10-09 21:25:38 #4 type] 
Type domain.Apuesta is not enhanced.

[2022-10-09 21:25:38 #5 type] 
Type domain.Event is not enhanced.

[2022-10-09 21:25:38 #6 type] 
Type domain.Pronostico is not enhanced.

[2022-10-09 21:25:38 #7 type] 
Type domain.Usuario is not enhanced.

[2022-10-09 21:25:38 #8 type] 
Type domain.Seleccion is not enhanced.

[2022-10-09 21:25:38 #9 type] 
Type domain.Question is not enhanced.

[2022-10-09 21:25:38 #10 type] 
Type domain.Cupon is not enhanced.

[2022-10-09 21:25:38 #11 type] 
Type domain.Estadistica is not enhanced.

------------------------------------------------------------------------------------------------------------------------

[2022-10-09 22:06:07 #1 store] 
Database 'C:\Users\nerea\Downloads\Bets21 is2\Bets21 is2\src\main\resources\bets.temp' has been recovered (tr. 71-81)

[2022-10-09 22:06:07 #2 store] 
Database 'C:\Users\nerea\Downloads\Bets21 is2\Bets21 is2\src\main\resources\bets.temp' is opened by 6344@PC-NEREA-CASA

[2022-10-09 22:06:07 #3 store] 
Configuration path: ?

[2022-10-09 22:06:07 #4 type] 
Type domain.Apuesta is not enhanced.

[2022-10-09 22:06:07 #5 type] 
Type domain.Event is not enhanced.

[2022-10-09 22:06:07 #6 type] 
Type domain.Pronostico is not enhanced.

[2022-10-09 22:06:07 #7 type] 
Type domain.Usuario is not enhanced.

[2022-10-09 22:06:07 #8 type] 
Type domain.Seleccion is not enhanced.

[2022-10-09 22:06:07 #9 type] 
Type domain.Question is not enhanced.

[2022-10-09 22:06:07 #10 type] 
Type domain.Cupon is not enhanced.

[2022-10-09 22:06:07 #11 type] 
Type domain.Estadistica is not enhanced.

